Analysis & Synthesis report for PIPO_blockcipher_verilog
Sat Jan 08 22:04:20 2022
Quartus Prime Version 16.0.0 Build 211 04/27/2016 SJ Lite Edition


---------------------
; Table of Contents ;
---------------------
  1. Legal Notice
  2. Analysis & Synthesis Summary
  3. Analysis & Synthesis Settings
  4. Parallel Compilation
  5. Analysis & Synthesis Source Files Read
  6. Analysis & Synthesis Resource Usage Summary
  7. Analysis & Synthesis Resource Utilization by Entity
  8. General Register Statistics
  9. Port Connectivity Checks: "setCounter:first[6].second[1].bc"
 10. Port Connectivity Checks: "runRound:first[6].second[1].brk"
 11. Port Connectivity Checks: "runRound:first[6].second[0].brk"
 12. Port Connectivity Checks: "runRound:first[5].second[1].brk"
 13. Port Connectivity Checks: "runRound:first[5].second[0].brk"
 14. Port Connectivity Checks: "runRound:first[4].second[1].brk"
 15. Port Connectivity Checks: "runRound:first[4].second[0].brk"
 16. Port Connectivity Checks: "runRound:first[3].second[1].brk"
 17. Port Connectivity Checks: "runRound:first[3].second[0].brk"
 18. Port Connectivity Checks: "runRound:first[2].second[1].brk"
 19. Port Connectivity Checks: "runRound:first[2].second[0].brk"
 20. Port Connectivity Checks: "runRound:first[1].second[1].brk"
 21. Port Connectivity Checks: "runRound:first[1].second[0].brk"
 22. Port Connectivity Checks: "runRound:first[0].second[1].brk"
 23. Post-Synthesis Netlist Statistics for Top Partition
 24. Elapsed Time Per Partition
 25. Analysis & Synthesis Messages



----------------
; Legal Notice ;
----------------
Copyright (C) 1991-2016 Altera Corporation. All rights reserved.
Your use of Altera Corporation's design tools, logic functions 
and other software and tools, and its AMPP partner logic 
functions, and any output files from any of the foregoing 
(including device programming or simulation files), and any 
associated documentation or information are expressly subject 
to the terms and conditions of the Altera Program License 
Subscription Agreement, the Altera Quartus Prime License Agreement,
the Altera MegaCore Function License Agreement, or other 
applicable license agreement, including, without limitation, 
that your use is for the sole purpose of programming logic 
devices manufactured by Altera and sold by Altera or its 
authorized distributors.  Please refer to the applicable 
agreement for further details.



+-------------------------------------------------------------------------------+
; Analysis & Synthesis Summary                                                  ;
+---------------------------------+---------------------------------------------+
; Analysis & Synthesis Status     ; Successful - Sat Jan 08 22:04:20 2022       ;
; Quartus Prime Version           ; 16.0.0 Build 211 04/27/2016 SJ Lite Edition ;
; Revision Name                   ; PIPO_blockcipher_verilog                    ;
; Top-level Entity Name           ; PIPO_blockcipher_verilog                    ;
; Family                          ; Cyclone V                                   ;
; Logic utilization (in ALMs)     ; N/A                                         ;
; Total registers                 ; 1000                                        ;
; Total pins                      ; 322                                         ;
; Total virtual pins              ; 0                                           ;
; Total block memory bits         ; 0                                           ;
; Total DSP Blocks                ; 0                                           ;
; Total HSSI RX PCSs              ; 0                                           ;
; Total HSSI PMA RX Deserializers ; 0                                           ;
; Total HSSI TX PCSs              ; 0                                           ;
; Total HSSI PMA TX Serializers   ; 0                                           ;
; Total PLLs                      ; 0                                           ;
; Total DLLs                      ; 0                                           ;
+---------------------------------+---------------------------------------------+


+---------------------------------------------------------------------------------------------------------------------------------------+
; Analysis & Synthesis Settings                                                                                                         ;
+---------------------------------------------------------------------------------+--------------------------+--------------------------+
; Option                                                                          ; Setting                  ; Default Value            ;
+---------------------------------------------------------------------------------+--------------------------+--------------------------+
; Device                                                                          ; 5CEFA7F31C7              ;                          ;
; Top-level entity name                                                           ; PIPO_blockcipher_verilog ; PIPO_blockcipher_verilog ;
; Family name                                                                     ; Cyclone V                ; Cyclone V                ;
; Use smart compilation                                                           ; Off                      ; Off                      ;
; Enable parallel Assembler and TimeQuest Timing Analyzer during compilation      ; On                       ; On                       ;
; Enable compact report table                                                     ; Off                      ; Off                      ;
; Restructure Multiplexers                                                        ; Auto                     ; Auto                     ;
; MLAB Add Timing Constraints For Mixed-Port Feed-Through Mode Setting Don't Care ; Off                      ; Off                      ;
; Create Debugging Nodes for IP Cores                                             ; Off                      ; Off                      ;
; Preserve fewer node names                                                       ; On                       ; On                       ;
; Disable OpenCore Plus hardware evaluation                                       ; Off                      ; Off                      ;
; Verilog Version                                                                 ; Verilog_2001             ; Verilog_2001             ;
; VHDL Version                                                                    ; VHDL_1993                ; VHDL_1993                ;
; State Machine Processing                                                        ; Auto                     ; Auto                     ;
; Safe State Machine                                                              ; Off                      ; Off                      ;
; Extract Verilog State Machines                                                  ; On                       ; On                       ;
; Extract VHDL State Machines                                                     ; On                       ; On                       ;
; Ignore Verilog initial constructs                                               ; Off                      ; Off                      ;
; Iteration limit for constant Verilog loops                                      ; 5000                     ; 5000                     ;
; Iteration limit for non-constant Verilog loops                                  ; 250                      ; 250                      ;
; Add Pass-Through Logic to Inferred RAMs                                         ; On                       ; On                       ;
; Infer RAMs from Raw Logic                                                       ; On                       ; On                       ;
; Parallel Synthesis                                                              ; On                       ; On                       ;
; DSP Block Balancing                                                             ; Auto                     ; Auto                     ;
; NOT Gate Push-Back                                                              ; On                       ; On                       ;
; Power-Up Don't Care                                                             ; On                       ; On                       ;
; Remove Redundant Logic Cells                                                    ; Off                      ; Off                      ;
; Remove Duplicate Registers                                                      ; On                       ; On                       ;
; Ignore CARRY Buffers                                                            ; Off                      ; Off                      ;
; Ignore CASCADE Buffers                                                          ; Off                      ; Off                      ;
; Ignore GLOBAL Buffers                                                           ; Off                      ; Off                      ;
; Ignore ROW GLOBAL Buffers                                                       ; Off                      ; Off                      ;
; Ignore LCELL Buffers                                                            ; Off                      ; Off                      ;
; Ignore SOFT Buffers                                                             ; On                       ; On                       ;
; Limit AHDL Integers to 32 Bits                                                  ; Off                      ; Off                      ;
; Optimization Technique                                                          ; Balanced                 ; Balanced                 ;
; Carry Chain Length                                                              ; 70                       ; 70                       ;
; Auto Carry Chains                                                               ; On                       ; On                       ;
; Auto Open-Drain Pins                                                            ; On                       ; On                       ;
; Perform WYSIWYG Primitive Resynthesis                                           ; Off                      ; Off                      ;
; Auto ROM Replacement                                                            ; On                       ; On                       ;
; Auto RAM Replacement                                                            ; On                       ; On                       ;
; Auto DSP Block Replacement                                                      ; On                       ; On                       ;
; Auto Shift Register Replacement                                                 ; Auto                     ; Auto                     ;
; Allow Shift Register Merging across Hierarchies                                 ; Auto                     ; Auto                     ;
; Auto Clock Enable Replacement                                                   ; On                       ; On                       ;
; Strict RAM Replacement                                                          ; Off                      ; Off                      ;
; Allow Synchronous Control Signals                                               ; On                       ; On                       ;
; Force Use of Synchronous Clear Signals                                          ; Off                      ; Off                      ;
; Auto Resource Sharing                                                           ; Off                      ; Off                      ;
; Allow Any RAM Size For Recognition                                              ; Off                      ; Off                      ;
; Allow Any ROM Size For Recognition                                              ; Off                      ; Off                      ;
; Allow Any Shift Register Size For Recognition                                   ; Off                      ; Off                      ;
; Use LogicLock Constraints during Resource Balancing                             ; On                       ; On                       ;
; Ignore translate_off and synthesis_off directives                               ; Off                      ; Off                      ;
; Timing-Driven Synthesis                                                         ; On                       ; On                       ;
; Report Parameter Settings                                                       ; On                       ; On                       ;
; Report Source Assignments                                                       ; On                       ; On                       ;
; Report Connectivity Checks                                                      ; On                       ; On                       ;
; Ignore Maximum Fan-Out Assignments                                              ; Off                      ; Off                      ;
; Synchronization Register Chain Length                                           ; 3                        ; 3                        ;
; PowerPlay Power Optimization During Synthesis                                   ; Normal compilation       ; Normal compilation       ;
; HDL message level                                                               ; Level2                   ; Level2                   ;
; Suppress Register Optimization Related Messages                                 ; Off                      ; Off                      ;
; Number of Removed Registers Reported in Synthesis Report                        ; 5000                     ; 5000                     ;
; Number of Swept Nodes Reported in Synthesis Report                              ; 5000                     ; 5000                     ;
; Number of Inverted Registers Reported in Synthesis Report                       ; 100                      ; 100                      ;
; Clock MUX Protection                                                            ; On                       ; On                       ;
; Auto Gated Clock Conversion                                                     ; Off                      ; Off                      ;
; Block Design Naming                                                             ; Auto                     ; Auto                     ;
; SDC constraint protection                                                       ; Off                      ; Off                      ;
; Synthesis Effort                                                                ; Auto                     ; Auto                     ;
; Shift Register Replacement - Allow Asynchronous Clear Signal                    ; On                       ; On                       ;
; Pre-Mapping Resynthesis Optimization                                            ; Off                      ; Off                      ;
; Analysis & Synthesis Message Level                                              ; Medium                   ; Medium                   ;
; Disable Register Merging Across Hierarchies                                     ; Auto                     ; Auto                     ;
; Resource Aware Inference For Block RAM                                          ; On                       ; On                       ;
; Synthesis Seed                                                                  ; 1                        ; 1                        ;
; Automatic Parallel Synthesis                                                    ; On                       ; On                       ;
; Partial Reconfiguration Bitstream ID                                            ; Off                      ; Off                      ;
+---------------------------------------------------------------------------------+--------------------------+--------------------------+


Parallel compilation was disabled, but you have multiple processors available. Enable parallel compilation to reduce compilation time.
+-------------------------------------+
; Parallel Compilation                ;
+----------------------------+--------+
; Processors                 ; Number ;
+----------------------------+--------+
; Number detected on machine ; 8      ;
; Maximum allowed            ; 1      ;
+----------------------------+--------+


+-------------------------------------------------------------------------------------------------------------------------------------------------------------------------------------+
; Analysis & Synthesis Source Files Read                                                                                                                                              ;
+----------------------------------+-----------------+------------------------------+---------------------------------------------------------------------------------------+---------+
; File Name with User-Entered Path ; Used in Netlist ; File Type                    ; File Name with Absolute Path                                                          ; Library ;
+----------------------------------+-----------------+------------------------------+---------------------------------------------------------------------------------------+---------+
; xorKey.sv                        ; yes             ; User SystemVerilog HDL File  ; D:/documents/PIPO_system_verilog/PIPO_blockcipher_verilog/xorKey.sv                   ;         ;
; xorData.sv                       ; yes             ; User SystemVerilog HDL File  ; D:/documents/PIPO_system_verilog/PIPO_blockcipher_verilog/xorData.sv                  ;         ;
; S-layer.sv                       ; yes             ; User SystemVerilog HDL File  ; D:/documents/PIPO_system_verilog/PIPO_blockcipher_verilog/S-layer.sv                  ;         ;
; R-layer.sv                       ; yes             ; User SystemVerilog HDL File  ; D:/documents/PIPO_system_verilog/PIPO_blockcipher_verilog/R-layer.sv                  ;         ;
; make_FirstData.sv                ; yes             ; User SystemVerilog HDL File  ; D:/documents/PIPO_system_verilog/PIPO_blockcipher_verilog/make_FirstData.sv           ;         ;
; Buffer.sv                        ; yes             ; User SystemVerilog HDL File  ; D:/documents/PIPO_system_verilog/PIPO_blockcipher_verilog/Buffer.sv                   ;         ;
; PIPO_blockcipher_verilog.sv      ; yes             ; User SystemVerilog HDL File  ; D:/documents/PIPO_system_verilog/PIPO_blockcipher_verilog/PIPO_blockcipher_verilog.sv ;         ;
; setCounter.sv                    ; yes             ; User SystemVerilog HDL File  ; D:/documents/PIPO_system_verilog/PIPO_blockcipher_verilog/setCounter.sv               ;         ;
; runRound.sv                      ; yes             ; User SystemVerilog HDL File  ; D:/documents/PIPO_system_verilog/PIPO_blockcipher_verilog/runRound.sv                 ;         ;
; expandKey_0.sv                   ; yes             ; User SystemVerilog HDL File  ; D:/documents/PIPO_system_verilog/PIPO_blockcipher_verilog/expandKey_0.sv              ;         ;
; expandKey_1.sv                   ; yes             ; User SystemVerilog HDL File  ; D:/documents/PIPO_system_verilog/PIPO_blockcipher_verilog/expandKey_1.sv              ;         ;
; PIPO_Definitions.sv              ; yes             ; User SystemVerilog HDL File  ; D:/documents/PIPO_system_verilog/PIPO_blockcipher_verilog/PIPO_Definitions.sv         ;         ;
+----------------------------------+-----------------+------------------------------+---------------------------------------------------------------------------------------+---------+


+---------------------------------------------------------+
; Analysis & Synthesis Resource Usage Summary             ;
+---------------------------------------------+-----------+
; Resource                                    ; Usage     ;
+---------------------------------------------+-----------+
; Estimate of Logic utilization (ALMs needed) ; 1482      ;
;                                             ;           ;
; Combinational ALUT usage for logic          ; 2456      ;
;     -- 7 input functions                    ; 0         ;
;     -- 6 input functions                    ; 507       ;
;     -- 5 input functions                    ; 463       ;
;     -- 4 input functions                    ; 326       ;
;     -- <=3 input functions                  ; 1160      ;
;                                             ;           ;
; Dedicated logic registers                   ; 1000      ;
;                                             ;           ;
; I/O pins                                    ; 322       ;
;                                             ;           ;
; Total DSP Blocks                            ; 0         ;
;                                             ;           ;
; Maximum fan-out node                        ; clk~input ;
; Maximum fan-out                             ; 1000      ;
; Total fan-out                               ; 12882     ;
; Average fan-out                             ; 3.14      ;
+---------------------------------------------+-----------+


+---------------------------------------------------------------------------------------------------------------------------------------------------------------------------------------------------------------------------------------------------------+
; Analysis & Synthesis Resource Utilization by Entity                                                                                                                                                                                                     ;
+---------------------------------------+-------------------+--------------+-------------------+------------+------+--------------+-----------------------------------------------------------------------------+--------------------------+--------------+
; Compilation Hierarchy Node            ; LC Combinationals ; LC Registers ; Block Memory Bits ; DSP Blocks ; Pins ; Virtual Pins ; Full Hierarchy Name                                                         ; Entity Name              ; Library Name ;
+---------------------------------------+-------------------+--------------+-------------------+------------+------+--------------+-----------------------------------------------------------------------------+--------------------------+--------------+
; |PIPO_blockcipher_verilog             ; 2456 (0)          ; 1000 (0)     ; 0                 ; 0          ; 322  ; 0            ; |PIPO_blockcipher_verilog                                                   ; PIPO_blockcipher_verilog ; work         ;
;    |Buffer:first[0].second[0].bp2|    ; 0 (0)             ; 64 (64)      ; 0                 ; 0          ; 0    ; 0            ; |PIPO_blockcipher_verilog|Buffer:first[0].second[0].bp2                     ; Buffer                   ; work         ;
;    |runRound:first[0].second[1].brk|  ; 176 (0)           ; 64 (0)       ; 0                 ; 0          ; 0    ; 0            ; |PIPO_blockcipher_verilog|runRound:first[0].second[1].brk                   ; runRound                 ; work         ;
;       |Buffer:bufferData|             ; 0 (0)             ; 64 (64)      ; 0                 ; 0          ; 0    ; 0            ; |PIPO_blockcipher_verilog|runRound:first[0].second[1].brk|Buffer:bufferData ; Buffer                   ; work         ;
;       |S_layer:sl|                    ; 112 (112)         ; 0 (0)        ; 0                 ; 0          ; 0    ; 0            ; |PIPO_blockcipher_verilog|runRound:first[0].second[1].brk|S_layer:sl        ; S_layer                  ; work         ;
;       |xorData:xd|                    ; 64 (64)           ; 0 (0)        ; 0                 ; 0          ; 0    ; 0            ; |PIPO_blockcipher_verilog|runRound:first[0].second[1].brk|xorData:xd        ; xorData                  ; work         ;
;    |runRound:first[1].second[0].brk|  ; 176 (0)           ; 64 (0)       ; 0                 ; 0          ; 0    ; 0            ; |PIPO_blockcipher_verilog|runRound:first[1].second[0].brk                   ; runRound                 ; work         ;
;       |Buffer:bufferData|             ; 0 (0)             ; 64 (64)      ; 0                 ; 0          ; 0    ; 0            ; |PIPO_blockcipher_verilog|runRound:first[1].second[0].brk|Buffer:bufferData ; Buffer                   ; work         ;
;       |S_layer:sl|                    ; 112 (112)         ; 0 (0)        ; 0                 ; 0          ; 0    ; 0            ; |PIPO_blockcipher_verilog|runRound:first[1].second[0].brk|S_layer:sl        ; S_layer                  ; work         ;
;       |xorData:xd|                    ; 64 (64)           ; 0 (0)        ; 0                 ; 0          ; 0    ; 0            ; |PIPO_blockcipher_verilog|runRound:first[1].second[0].brk|xorData:xd        ; xorData                  ; work         ;
;    |runRound:first[1].second[1].brk|  ; 176 (0)           ; 64 (0)       ; 0                 ; 0          ; 0    ; 0            ; |PIPO_blockcipher_verilog|runRound:first[1].second[1].brk                   ; runRound                 ; work         ;
;       |Buffer:bufferData|             ; 0 (0)             ; 64 (64)      ; 0                 ; 0          ; 0    ; 0            ; |PIPO_blockcipher_verilog|runRound:first[1].second[1].brk|Buffer:bufferData ; Buffer                   ; work         ;
;       |S_layer:sl|                    ; 112 (112)         ; 0 (0)        ; 0                 ; 0          ; 0    ; 0            ; |PIPO_blockcipher_verilog|runRound:first[1].second[1].brk|S_layer:sl        ; S_layer                  ; work         ;
;       |xorData:xd|                    ; 64 (64)           ; 0 (0)        ; 0                 ; 0          ; 0    ; 0            ; |PIPO_blockcipher_verilog|runRound:first[1].second[1].brk|xorData:xd        ; xorData                  ; work         ;
;    |runRound:first[2].second[0].brk|  ; 176 (0)           ; 64 (0)       ; 0                 ; 0          ; 0    ; 0            ; |PIPO_blockcipher_verilog|runRound:first[2].second[0].brk                   ; runRound                 ; work         ;
;       |Buffer:bufferData|             ; 0 (0)             ; 64 (64)      ; 0                 ; 0          ; 0    ; 0            ; |PIPO_blockcipher_verilog|runRound:first[2].second[0].brk|Buffer:bufferData ; Buffer                   ; work         ;
;       |S_layer:sl|                    ; 112 (112)         ; 0 (0)        ; 0                 ; 0          ; 0    ; 0            ; |PIPO_blockcipher_verilog|runRound:first[2].second[0].brk|S_layer:sl        ; S_layer                  ; work         ;
;       |xorData:xd|                    ; 64 (64)           ; 0 (0)        ; 0                 ; 0          ; 0    ; 0            ; |PIPO_blockcipher_verilog|runRound:first[2].second[0].brk|xorData:xd        ; xorData                  ; work         ;
;    |runRound:first[2].second[1].brk|  ; 176 (0)           ; 64 (0)       ; 0                 ; 0          ; 0    ; 0            ; |PIPO_blockcipher_verilog|runRound:first[2].second[1].brk                   ; runRound                 ; work         ;
;       |Buffer:bufferData|             ; 0 (0)             ; 64 (64)      ; 0                 ; 0          ; 0    ; 0            ; |PIPO_blockcipher_verilog|runRound:first[2].second[1].brk|Buffer:bufferData ; Buffer                   ; work         ;
;       |S_layer:sl|                    ; 112 (112)         ; 0 (0)        ; 0                 ; 0          ; 0    ; 0            ; |PIPO_blockcipher_verilog|runRound:first[2].second[1].brk|S_layer:sl        ; S_layer                  ; work         ;
;       |xorData:xd|                    ; 64 (64)           ; 0 (0)        ; 0                 ; 0          ; 0    ; 0            ; |PIPO_blockcipher_verilog|runRound:first[2].second[1].brk|xorData:xd        ; xorData                  ; work         ;
;    |runRound:first[3].second[0].brk|  ; 176 (0)           ; 64 (0)       ; 0                 ; 0          ; 0    ; 0            ; |PIPO_blockcipher_verilog|runRound:first[3].second[0].brk                   ; runRound                 ; work         ;
;       |Buffer:bufferData|             ; 0 (0)             ; 64 (64)      ; 0                 ; 0          ; 0    ; 0            ; |PIPO_blockcipher_verilog|runRound:first[3].second[0].brk|Buffer:bufferData ; Buffer                   ; work         ;
;       |S_layer:sl|                    ; 112 (112)         ; 0 (0)        ; 0                 ; 0          ; 0    ; 0            ; |PIPO_blockcipher_verilog|runRound:first[3].second[0].brk|S_layer:sl        ; S_layer                  ; work         ;
;       |xorData:xd|                    ; 64 (64)           ; 0 (0)        ; 0                 ; 0          ; 0    ; 0            ; |PIPO_blockcipher_verilog|runRound:first[3].second[0].brk|xorData:xd        ; xorData                  ; work         ;
;    |runRound:first[3].second[1].brk|  ; 176 (0)           ; 64 (0)       ; 0                 ; 0          ; 0    ; 0            ; |PIPO_blockcipher_verilog|runRound:first[3].second[1].brk                   ; runRound                 ; work         ;
;       |Buffer:bufferData|             ; 0 (0)             ; 64 (64)      ; 0                 ; 0          ; 0    ; 0            ; |PIPO_blockcipher_verilog|runRound:first[3].second[1].brk|Buffer:bufferData ; Buffer                   ; work         ;
;       |S_layer:sl|                    ; 112 (112)         ; 0 (0)        ; 0                 ; 0          ; 0    ; 0            ; |PIPO_blockcipher_verilog|runRound:first[3].second[1].brk|S_layer:sl        ; S_layer                  ; work         ;
;       |xorData:xd|                    ; 64 (64)           ; 0 (0)        ; 0                 ; 0          ; 0    ; 0            ; |PIPO_blockcipher_verilog|runRound:first[3].second[1].brk|xorData:xd        ; xorData                  ; work         ;
;    |runRound:first[4].second[0].brk|  ; 176 (0)           ; 64 (0)       ; 0                 ; 0          ; 0    ; 0            ; |PIPO_blockcipher_verilog|runRound:first[4].second[0].brk                   ; runRound                 ; work         ;
;       |Buffer:bufferData|             ; 0 (0)             ; 64 (64)      ; 0                 ; 0          ; 0    ; 0            ; |PIPO_blockcipher_verilog|runRound:first[4].second[0].brk|Buffer:bufferData ; Buffer                   ; work         ;
;       |S_layer:sl|                    ; 107 (107)         ; 0 (0)        ; 0                 ; 0          ; 0    ; 0            ; |PIPO_blockcipher_verilog|runRound:first[4].second[0].brk|S_layer:sl        ; S_layer                  ; work         ;
;       |xorData:xd|                    ; 69 (69)           ; 0 (0)        ; 0                 ; 0          ; 0    ; 0            ; |PIPO_blockcipher_verilog|runRound:first[4].second[0].brk|xorData:xd        ; xorData                  ; work         ;
;    |runRound:first[4].second[1].brk|  ; 176 (0)           ; 64 (0)       ; 0                 ; 0          ; 0    ; 0            ; |PIPO_blockcipher_verilog|runRound:first[4].second[1].brk                   ; runRound                 ; work         ;
;       |Buffer:bufferData|             ; 0 (0)             ; 64 (64)      ; 0                 ; 0          ; 0    ; 0            ; |PIPO_blockcipher_verilog|runRound:first[4].second[1].brk|Buffer:bufferData ; Buffer                   ; work         ;
;       |S_layer:sl|                    ; 104 (104)         ; 0 (0)        ; 0                 ; 0          ; 0    ; 0            ; |PIPO_blockcipher_verilog|runRound:first[4].second[1].brk|S_layer:sl        ; S_layer                  ; work         ;
;       |xorData:xd|                    ; 72 (72)           ; 0 (0)        ; 0                 ; 0          ; 0    ; 0            ; |PIPO_blockcipher_verilog|runRound:first[4].second[1].brk|xorData:xd        ; xorData                  ; work         ;
;    |runRound:first[5].second[0].brk|  ; 176 (0)           ; 64 (0)       ; 0                 ; 0          ; 0    ; 0            ; |PIPO_blockcipher_verilog|runRound:first[5].second[0].brk                   ; runRound                 ; work         ;
;       |Buffer:bufferData|             ; 0 (0)             ; 64 (64)      ; 0                 ; 0          ; 0    ; 0            ; |PIPO_blockcipher_verilog|runRound:first[5].second[0].brk|Buffer:bufferData ; Buffer                   ; work         ;
;       |S_layer:sl|                    ; 104 (104)         ; 0 (0)        ; 0                 ; 0          ; 0    ; 0            ; |PIPO_blockcipher_verilog|runRound:first[5].second[0].brk|S_layer:sl        ; S_layer                  ; work         ;
;       |xorData:xd|                    ; 72 (72)           ; 0 (0)        ; 0                 ; 0          ; 0    ; 0            ; |PIPO_blockcipher_verilog|runRound:first[5].second[0].brk|xorData:xd        ; xorData                  ; work         ;
;    |runRound:first[5].second[1].brk|  ; 176 (0)           ; 64 (0)       ; 0                 ; 0          ; 0    ; 0            ; |PIPO_blockcipher_verilog|runRound:first[5].second[1].brk                   ; runRound                 ; work         ;
;       |Buffer:bufferData|             ; 0 (0)             ; 64 (64)      ; 0                 ; 0          ; 0    ; 0            ; |PIPO_blockcipher_verilog|runRound:first[5].second[1].brk|Buffer:bufferData ; Buffer                   ; work         ;
;       |S_layer:sl|                    ; 104 (104)         ; 0 (0)        ; 0                 ; 0          ; 0    ; 0            ; |PIPO_blockcipher_verilog|runRound:first[5].second[1].brk|S_layer:sl        ; S_layer                  ; work         ;
;       |xorData:xd|                    ; 72 (72)           ; 0 (0)        ; 0                 ; 0          ; 0    ; 0            ; |PIPO_blockcipher_verilog|runRound:first[5].second[1].brk|xorData:xd        ; xorData                  ; work         ;
;    |runRound:first[6].second[0].brk|  ; 176 (0)           ; 64 (0)       ; 0                 ; 0          ; 0    ; 0            ; |PIPO_blockcipher_verilog|runRound:first[6].second[0].brk                   ; runRound                 ; work         ;
;       |Buffer:bufferData|             ; 0 (0)             ; 64 (64)      ; 0                 ; 0          ; 0    ; 0            ; |PIPO_blockcipher_verilog|runRound:first[6].second[0].brk|Buffer:bufferData ; Buffer                   ; work         ;
;       |S_layer:sl|                    ; 104 (104)         ; 0 (0)        ; 0                 ; 0          ; 0    ; 0            ; |PIPO_blockcipher_verilog|runRound:first[6].second[0].brk|S_layer:sl        ; S_layer                  ; work         ;
;       |xorData:xd|                    ; 72 (72)           ; 0 (0)        ; 0                 ; 0          ; 0    ; 0            ; |PIPO_blockcipher_verilog|runRound:first[6].second[0].brk|xorData:xd        ; xorData                  ; work         ;
;    |runRound:first[6].second[1].brk|  ; 176 (0)           ; 64 (0)       ; 0                 ; 0          ; 0    ; 0            ; |PIPO_blockcipher_verilog|runRound:first[6].second[1].brk                   ; runRound                 ; work         ;
;       |Buffer:bufferData|             ; 0 (0)             ; 64 (64)      ; 0                 ; 0          ; 0    ; 0            ; |PIPO_blockcipher_verilog|runRound:first[6].second[1].brk|Buffer:bufferData ; Buffer                   ; work         ;
;       |S_layer:sl|                    ; 104 (104)         ; 0 (0)        ; 0                 ; 0          ; 0    ; 0            ; |PIPO_blockcipher_verilog|runRound:first[6].second[1].brk|S_layer:sl        ; S_layer                  ; work         ;
;       |xorData:xd|                    ; 72 (72)           ; 0 (0)        ; 0                 ; 0          ; 0    ; 0            ; |PIPO_blockcipher_verilog|runRound:first[6].second[1].brk|xorData:xd        ; xorData                  ; work         ;
;    |setCounter:first[0].second[0].bc| ; 8 (8)             ; 8 (0)        ; 0                 ; 0          ; 0    ; 0            ; |PIPO_blockcipher_verilog|setCounter:first[0].second[0].bc                  ; setCounter               ; work         ;
;       |Buffer:bc|                     ; 0 (0)             ; 8 (8)        ; 0                 ; 0          ; 0    ; 0            ; |PIPO_blockcipher_verilog|setCounter:first[0].second[0].bc|Buffer:bc        ; Buffer                   ; work         ;
;    |setCounter:first[0].second[1].bc| ; 8 (8)             ; 8 (0)        ; 0                 ; 0          ; 0    ; 0            ; |PIPO_blockcipher_verilog|setCounter:first[0].second[1].bc                  ; setCounter               ; work         ;
;       |Buffer:bc|                     ; 0 (0)             ; 8 (8)        ; 0                 ; 0          ; 0    ; 0            ; |PIPO_blockcipher_verilog|setCounter:first[0].second[1].bc|Buffer:bc        ; Buffer                   ; work         ;
;    |setCounter:first[1].second[0].bc| ; 8 (8)             ; 8 (0)        ; 0                 ; 0          ; 0    ; 0            ; |PIPO_blockcipher_verilog|setCounter:first[1].second[0].bc                  ; setCounter               ; work         ;
;       |Buffer:bc|                     ; 0 (0)             ; 8 (8)        ; 0                 ; 0          ; 0    ; 0            ; |PIPO_blockcipher_verilog|setCounter:first[1].second[0].bc|Buffer:bc        ; Buffer                   ; work         ;
;    |setCounter:first[1].second[1].bc| ; 8 (8)             ; 8 (0)        ; 0                 ; 0          ; 0    ; 0            ; |PIPO_blockcipher_verilog|setCounter:first[1].second[1].bc                  ; setCounter               ; work         ;
;       |Buffer:bc|                     ; 0 (0)             ; 8 (8)        ; 0                 ; 0          ; 0    ; 0            ; |PIPO_blockcipher_verilog|setCounter:first[1].second[1].bc|Buffer:bc        ; Buffer                   ; work         ;
;    |setCounter:first[2].second[0].bc| ; 8 (8)             ; 8 (0)        ; 0                 ; 0          ; 0    ; 0            ; |PIPO_blockcipher_verilog|setCounter:first[2].second[0].bc                  ; setCounter               ; work         ;
;       |Buffer:bc|                     ; 0 (0)             ; 8 (8)        ; 0                 ; 0          ; 0    ; 0            ; |PIPO_blockcipher_verilog|setCounter:first[2].second[0].bc|Buffer:bc        ; Buffer                   ; work         ;
;    |setCounter:first[2].second[1].bc| ; 8 (8)             ; 8 (0)        ; 0                 ; 0          ; 0    ; 0            ; |PIPO_blockcipher_verilog|setCounter:first[2].second[1].bc                  ; setCounter               ; work         ;
;       |Buffer:bc|                     ; 0 (0)             ; 8 (8)        ; 0                 ; 0          ; 0    ; 0            ; |PIPO_blockcipher_verilog|setCounter:first[2].second[1].bc|Buffer:bc        ; Buffer                   ; work         ;
;    |setCounter:first[3].second[0].bc| ; 8 (8)             ; 8 (0)        ; 0                 ; 0          ; 0    ; 0            ; |PIPO_blockcipher_verilog|setCounter:first[3].second[0].bc                  ; setCounter               ; work         ;
;       |Buffer:bc|                     ; 0 (0)             ; 8 (8)        ; 0                 ; 0          ; 0    ; 0            ; |PIPO_blockcipher_verilog|setCounter:first[3].second[0].bc|Buffer:bc        ; Buffer                   ; work         ;
;    |setCounter:first[3].second[1].bc| ; 8 (8)             ; 8 (0)        ; 0                 ; 0          ; 0    ; 0            ; |PIPO_blockcipher_verilog|setCounter:first[3].second[1].bc                  ; setCounter               ; work         ;
;       |Buffer:bc|                     ; 0 (0)             ; 8 (8)        ; 0                 ; 0          ; 0    ; 0            ; |PIPO_blockcipher_verilog|setCounter:first[3].second[1].bc|Buffer:bc        ; Buffer                   ; work         ;
;    |setCounter:first[4].second[0].bc| ; 8 (8)             ; 8 (0)        ; 0                 ; 0          ; 0    ; 0            ; |PIPO_blockcipher_verilog|setCounter:first[4].second[0].bc                  ; setCounter               ; work         ;
;       |Buffer:bc|                     ; 0 (0)             ; 8 (8)        ; 0                 ; 0          ; 0    ; 0            ; |PIPO_blockcipher_verilog|setCounter:first[4].second[0].bc|Buffer:bc        ; Buffer                   ; work         ;
;    |setCounter:first[4].second[1].bc| ; 8 (8)             ; 8 (0)        ; 0                 ; 0          ; 0    ; 0            ; |PIPO_blockcipher_verilog|setCounter:first[4].second[1].bc                  ; setCounter               ; work         ;
;       |Buffer:bc|                     ; 0 (0)             ; 8 (8)        ; 0                 ; 0          ; 0    ; 0            ; |PIPO_blockcipher_verilog|setCounter:first[4].second[1].bc|Buffer:bc        ; Buffer                   ; work         ;
;    |setCounter:first[5].second[0].bc| ; 8 (8)             ; 8 (0)        ; 0                 ; 0          ; 0    ; 0            ; |PIPO_blockcipher_verilog|setCounter:first[5].second[0].bc                  ; setCounter               ; work         ;
;       |Buffer:bc|                     ; 0 (0)             ; 8 (8)        ; 0                 ; 0          ; 0    ; 0            ; |PIPO_blockcipher_verilog|setCounter:first[5].second[0].bc|Buffer:bc        ; Buffer                   ; work         ;
;    |setCounter:first[5].second[1].bc| ; 8 (8)             ; 8 (0)        ; 0                 ; 0          ; 0    ; 0            ; |PIPO_blockcipher_verilog|setCounter:first[5].second[1].bc                  ; setCounter               ; work         ;
;       |Buffer:bc|                     ; 0 (0)             ; 8 (8)        ; 0                 ; 0          ; 0    ; 0            ; |PIPO_blockcipher_verilog|setCounter:first[5].second[1].bc|Buffer:bc        ; Buffer                   ; work         ;
;    |setCounter:first[6].second[0].bc| ; 8 (8)             ; 8 (0)        ; 0                 ; 0          ; 0    ; 0            ; |PIPO_blockcipher_verilog|setCounter:first[6].second[0].bc                  ; setCounter               ; work         ;
;       |Buffer:bc|                     ; 0 (0)             ; 8 (8)        ; 0                 ; 0          ; 0    ; 0            ; |PIPO_blockcipher_verilog|setCounter:first[6].second[0].bc|Buffer:bc        ; Buffer                   ; work         ;
;    |xorData:first[0].second[0].xd|    ; 64 (64)           ; 0 (0)        ; 0                 ; 0          ; 0    ; 0            ; |PIPO_blockcipher_verilog|xorData:first[0].second[0].xd                     ; xorData                  ; work         ;
+---------------------------------------+-------------------+--------------+-------------------+------------+------+--------------+-----------------------------------------------------------------------------+--------------------------+--------------+
Note: For table entries with two numbers listed, the numbers in parentheses indicate the number of resources of the given type used by the specific entity alone. The numbers listed outside of parentheses indicate the total resources of the given type used by the specific entity and all of its sub-entities in the hierarchy.


+------------------------------------------------------+
; General Register Statistics                          ;
+----------------------------------------------+-------+
; Statistic                                    ; Value ;
+----------------------------------------------+-------+
; Total registers                              ; 1000  ;
; Number of registers using Synchronous Clear  ; 1000  ;
; Number of registers using Synchronous Load   ; 0     ;
; Number of registers using Asynchronous Clear ; 0     ;
; Number of registers using Asynchronous Load  ; 0     ;
; Number of registers using Clock Enable       ; 0     ;
; Number of registers using Preset             ; 0     ;
+----------------------------------------------+-------+


+------------------------------------------------------------------------------------------------------------------+
; Port Connectivity Checks: "setCounter:first[6].second[1].bc"                                                     ;
+--------+--------+----------+-------------------------------------------------------------------------------------+
; Port   ; Type   ; Severity ; Details                                                                             ;
+--------+--------+----------+-------------------------------------------------------------------------------------+
; result ; Output ; Info     ; Connected to dangling logic. Logic that only feeds a dangling port will be removed. ;
+--------+--------+----------+-------------------------------------------------------------------------------------+


+--------------------------------------------------------------------------------------------------------------------------------------+
; Port Connectivity Checks: "runRound:first[6].second[1].brk"                                                                          ;
+-------+--------+----------+----------------------------------------------------------------------------------------------------------+
; Port  ; Type   ; Severity ; Details                                                                                                  ;
+-------+--------+----------+----------------------------------------------------------------------------------------------------------+
; check ; Output ; Warning  ; Declared by entity but not connected by instance. Logic that only feeds a dangling port will be removed. ;
+-------+--------+----------+----------------------------------------------------------------------------------------------------------+


+--------------------------------------------------------------------------------------------------------------------------------------+
; Port Connectivity Checks: "runRound:first[6].second[0].brk"                                                                          ;
+-------+--------+----------+----------------------------------------------------------------------------------------------------------+
; Port  ; Type   ; Severity ; Details                                                                                                  ;
+-------+--------+----------+----------------------------------------------------------------------------------------------------------+
; check ; Output ; Warning  ; Declared by entity but not connected by instance. Logic that only feeds a dangling port will be removed. ;
+-------+--------+----------+----------------------------------------------------------------------------------------------------------+


+--------------------------------------------------------------------------------------------------------------------------------------+
; Port Connectivity Checks: "runRound:first[5].second[1].brk"                                                                          ;
+-------+--------+----------+----------------------------------------------------------------------------------------------------------+
; Port  ; Type   ; Severity ; Details                                                                                                  ;
+-------+--------+----------+----------------------------------------------------------------------------------------------------------+
; check ; Output ; Warning  ; Declared by entity but not connected by instance. Logic that only feeds a dangling port will be removed. ;
+-------+--------+----------+----------------------------------------------------------------------------------------------------------+


+--------------------------------------------------------------------------------------------------------------------------------------+
; Port Connectivity Checks: "runRound:first[5].second[0].brk"                                                                          ;
+-------+--------+----------+----------------------------------------------------------------------------------------------------------+
; Port  ; Type   ; Severity ; Details                                                                                                  ;
+-------+--------+----------+----------------------------------------------------------------------------------------------------------+
; check ; Output ; Warning  ; Declared by entity but not connected by instance. Logic that only feeds a dangling port will be removed. ;
+-------+--------+----------+----------------------------------------------------------------------------------------------------------+


+--------------------------------------------------------------------------------------------------------------------------------------+
; Port Connectivity Checks: "runRound:first[4].second[1].brk"                                                                          ;
+-------+--------+----------+----------------------------------------------------------------------------------------------------------+
; Port  ; Type   ; Severity ; Details                                                                                                  ;
+-------+--------+----------+----------------------------------------------------------------------------------------------------------+
; check ; Output ; Warning  ; Declared by entity but not connected by instance. Logic that only feeds a dangling port will be removed. ;
+-------+--------+----------+----------------------------------------------------------------------------------------------------------+


+--------------------------------------------------------------------------------------------------------------------------------------+
; Port Connectivity Checks: "runRound:first[4].second[0].brk"                                                                          ;
+-------+--------+----------+----------------------------------------------------------------------------------------------------------+
; Port  ; Type   ; Severity ; Details                                                                                                  ;
+-------+--------+----------+----------------------------------------------------------------------------------------------------------+
; check ; Output ; Warning  ; Declared by entity but not connected by instance. Logic that only feeds a dangling port will be removed. ;
+-------+--------+----------+----------------------------------------------------------------------------------------------------------+


+--------------------------------------------------------------------------------------------------------------------------------------+
; Port Connectivity Checks: "runRound:first[3].second[1].brk"                                                                          ;
+-------+--------+----------+----------------------------------------------------------------------------------------------------------+
; Port  ; Type   ; Severity ; Details                                                                                                  ;
+-------+--------+----------+----------------------------------------------------------------------------------------------------------+
; check ; Output ; Warning  ; Declared by entity but not connected by instance. Logic that only feeds a dangling port will be removed. ;
+-------+--------+----------+----------------------------------------------------------------------------------------------------------+


+--------------------------------------------------------------------------------------------------------------------------------------+
; Port Connectivity Checks: "runRound:first[3].second[0].brk"                                                                          ;
+-------+--------+----------+----------------------------------------------------------------------------------------------------------+
; Port  ; Type   ; Severity ; Details                                                                                                  ;
+-------+--------+----------+----------------------------------------------------------------------------------------------------------+
; check ; Output ; Warning  ; Declared by entity but not connected by instance. Logic that only feeds a dangling port will be removed. ;
+-------+--------+----------+----------------------------------------------------------------------------------------------------------+


+--------------------------------------------------------------------------------------------------------------------------------------+
; Port Connectivity Checks: "runRound:first[2].second[1].brk"                                                                          ;
+-------+--------+----------+----------------------------------------------------------------------------------------------------------+
; Port  ; Type   ; Severity ; Details                                                                                                  ;
+-------+--------+----------+----------------------------------------------------------------------------------------------------------+
; check ; Output ; Warning  ; Declared by entity but not connected by instance. Logic that only feeds a dangling port will be removed. ;
+-------+--------+----------+----------------------------------------------------------------------------------------------------------+


+--------------------------------------------------------------------------------------------------------------------------------------+
; Port Connectivity Checks: "runRound:first[2].second[0].brk"                                                                          ;
+-------+--------+----------+----------------------------------------------------------------------------------------------------------+
; Port  ; Type   ; Severity ; Details                                                                                                  ;
+-------+--------+----------+----------------------------------------------------------------------------------------------------------+
; check ; Output ; Warning  ; Declared by entity but not connected by instance. Logic that only feeds a dangling port will be removed. ;
+-------+--------+----------+----------------------------------------------------------------------------------------------------------+


+--------------------------------------------------------------------------------------------------------------------------------------+
; Port Connectivity Checks: "runRound:first[1].second[1].brk"                                                                          ;
+-------+--------+----------+----------------------------------------------------------------------------------------------------------+
; Port  ; Type   ; Severity ; Details                                                                                                  ;
+-------+--------+----------+----------------------------------------------------------------------------------------------------------+
; check ; Output ; Warning  ; Declared by entity but not connected by instance. Logic that only feeds a dangling port will be removed. ;
+-------+--------+----------+----------------------------------------------------------------------------------------------------------+


+--------------------------------------------------------------------------------------------------------------------------------------+
; Port Connectivity Checks: "runRound:first[1].second[0].brk"                                                                          ;
+-------+--------+----------+----------------------------------------------------------------------------------------------------------+
; Port  ; Type   ; Severity ; Details                                                                                                  ;
+-------+--------+----------+----------------------------------------------------------------------------------------------------------+
; check ; Output ; Warning  ; Declared by entity but not connected by instance. Logic that only feeds a dangling port will be removed. ;
+-------+--------+----------+----------------------------------------------------------------------------------------------------------+


+--------------------------------------------------------------------------------------------------------------------------------------+
; Port Connectivity Checks: "runRound:first[0].second[1].brk"                                                                          ;
+-------+--------+----------+----------------------------------------------------------------------------------------------------------+
; Port  ; Type   ; Severity ; Details                                                                                                  ;
+-------+--------+----------+----------------------------------------------------------------------------------------------------------+
; check ; Output ; Warning  ; Declared by entity but not connected by instance. Logic that only feeds a dangling port will be removed. ;
+-------+--------+----------+----------------------------------------------------------------------------------------------------------+


+-----------------------------------------------------+
; Post-Synthesis Netlist Statistics for Top Partition ;
+-----------------------+-----------------------------+
; Type                  ; Count                       ;
+-----------------------+-----------------------------+
; arriav_ff             ; 1000                        ;
;     SCLR              ; 1000                        ;
; arriav_lcell_comb     ; 2456                        ;
;     arith             ; 104                         ;
;         1 data inputs ; 104                         ;
;     normal            ; 2352                        ;
;         2 data inputs ; 528                         ;
;         3 data inputs ; 528                         ;
;         4 data inputs ; 326                         ;
;         5 data inputs ; 463                         ;
;         6 data inputs ; 507                         ;
; boundary_port         ; 322                         ;
;                       ;                             ;
; Max LUT depth         ; 4.00                        ;
; Average LUT depth     ; 2.87                        ;
+-----------------------+-----------------------------+


+-------------------------------+
; Elapsed Time Per Partition    ;
+----------------+--------------+
; Partition Name ; Elapsed Time ;
+----------------+--------------+
; Top            ; 00:00:03     ;
+----------------+--------------+


+-------------------------------+
; Analysis & Synthesis Messages ;
+-------------------------------+
Info: *******************************************************************
Info: Running Quartus Prime Analysis & Synthesis
    Info: Version 16.0.0 Build 211 04/27/2016 SJ Lite Edition
    Info: Processing started: Sat Jan 08 22:04:06 2022
Info: Command: quartus_map --read_settings_files=on --write_settings_files=off PIPO_blockcipher_verilog -c PIPO_blockcipher_verilog
Warning (20028): Parallel compilation is not licensed and has been disabled
Info (12021): Found 1 design units, including 1 entities, in source file xorkey.sv
    Info (12023): Found entity 1: xorKey File: D:/documents/PIPO_system_verilog/PIPO_blockcipher_verilog/xorKey.sv Line: 3
Info (12021): Found 1 design units, including 1 entities, in source file xordata.sv
    Info (12023): Found entity 1: xorData File: D:/documents/PIPO_system_verilog/PIPO_blockcipher_verilog/xorData.sv Line: 3
Info (12021): Found 1 design units, including 1 entities, in source file s-layer.sv
    Info (12023): Found entity 1: S_layer File: D:/documents/PIPO_system_verilog/PIPO_blockcipher_verilog/S-layer.sv Line: 3
Info (12021): Found 1 design units, including 1 entities, in source file r-layer.sv
    Info (12023): Found entity 1: R_layer File: D:/documents/PIPO_system_verilog/PIPO_blockcipher_verilog/R-layer.sv Line: 3
Info (12021): Found 1 design units, including 1 entities, in source file make_firstdata.sv
    Info (12023): Found entity 1: make_FirstData File: D:/documents/PIPO_system_verilog/PIPO_blockcipher_verilog/make_FirstData.sv Line: 3
Info (12021): Found 1 design units, including 1 entities, in source file buffer.sv
    Info (12023): Found entity 1: Buffer File: D:/documents/PIPO_system_verilog/PIPO_blockcipher_verilog/Buffer.sv Line: 3
Info (12021): Found 1 design units, including 1 entities, in source file pipo_blockcipher_verilog.sv
    Info (12023): Found entity 1: PIPO_blockcipher_verilog File: D:/documents/PIPO_system_verilog/PIPO_blockcipher_verilog/PIPO_blockcipher_verilog.sv Line: 3
Info (12021): Found 1 design units, including 1 entities, in source file setcounter.sv
    Info (12023): Found entity 1: setCounter File: D:/documents/PIPO_system_verilog/PIPO_blockcipher_verilog/setCounter.sv Line: 3
Info (12021): Found 1 design units, including 1 entities, in source file runround.sv
    Info (12023): Found entity 1: runRound File: D:/documents/PIPO_system_verilog/PIPO_blockcipher_verilog/runRound.sv Line: 3
Info (12021): Found 1 design units, including 1 entities, in source file expandkey_0.sv
    Info (12023): Found entity 1: expandKey_0 File: D:/documents/PIPO_system_verilog/PIPO_blockcipher_verilog/expandKey_0.sv Line: 3
Info (12021): Found 1 design units, including 1 entities, in source file expandkey_1.sv
    Info (12023): Found entity 1: expandKey_1 File: D:/documents/PIPO_system_verilog/PIPO_blockcipher_verilog/expandKey_1.sv Line: 3
Info (12021): Found 1 design units, including 1 entities, in source file tb_pipo.sv
    Info (12023): Found entity 1: tb_PIPO File: D:/documents/PIPO_system_verilog/PIPO_blockcipher_verilog/tb_PIPO.sv Line: 3
Info (12021): Found 1 design units, including 0 entities, in source file pipo_definitions.sv
    Info (12022): Found design unit 1: PIPODefinitions (SystemVerilog) File: D:/documents/PIPO_system_verilog/PIPO_blockcipher_verilog/PIPO_Definitions.sv Line: 4
Info (12127): Elaborating entity "PIPO_blockcipher_verilog" for the top level hierarchy
Info (10008): Verilog HDL or VHDL information: EDA Netlist Writer cannot regroup multidimensional array "roundKey" into its bus
Info (10008): Verilog HDL or VHDL information: EDA Netlist Writer cannot regroup multidimensional array "roundData" into its bus
Info (10008): Verilog HDL or VHDL information: EDA Netlist Writer cannot regroup multidimensional array "roundCounter" into its bus
Info (12128): Elaborating entity "expandKey_0" for hierarchy "expandKey_0:fk" File: D:/documents/PIPO_system_verilog/PIPO_blockcipher_verilog/PIPO_blockcipher_verilog.sv Line: 11
Info (12128): Elaborating entity "expandKey_1" for hierarchy "expandKey_1:sk" File: D:/documents/PIPO_system_verilog/PIPO_blockcipher_verilog/PIPO_blockcipher_verilog.sv Line: 12
Info (12128): Elaborating entity "make_FirstData" for hierarchy "make_FirstData:mf" File: D:/documents/PIPO_system_verilog/PIPO_blockcipher_verilog/PIPO_blockcipher_verilog.sv Line: 14
Info (12128): Elaborating entity "xorKey" for hierarchy "xorKey:first[0].second[0].xk" File: D:/documents/PIPO_system_verilog/PIPO_blockcipher_verilog/PIPO_blockcipher_verilog.sv Line: 27
Info (12128): Elaborating entity "xorData" for hierarchy "xorData:first[0].second[0].xd" File: D:/documents/PIPO_system_verilog/PIPO_blockcipher_verilog/PIPO_blockcipher_verilog.sv Line: 28
Info (12128): Elaborating entity "Buffer" for hierarchy "Buffer:first[0].second[0].bp2" File: D:/documents/PIPO_system_verilog/PIPO_blockcipher_verilog/PIPO_blockcipher_verilog.sv Line: 29
Info (12128): Elaborating entity "setCounter" for hierarchy "setCounter:first[0].second[0].bc" File: D:/documents/PIPO_system_verilog/PIPO_blockcipher_verilog/PIPO_blockcipher_verilog.sv Line: 30
Warning (10230): Verilog HDL assignment warning at setCounter.sv(8): truncated value with size 88 to match size of target (64) File: D:/documents/PIPO_system_verilog/PIPO_blockcipher_verilog/setCounter.sv Line: 8
Info (12128): Elaborating entity "runRound" for hierarchy "runRound:first[0].second[1].brk" File: D:/documents/PIPO_system_verilog/PIPO_blockcipher_verilog/PIPO_blockcipher_verilog.sv Line: 34
Info (10008): Verilog HDL or VHDL information: EDA Netlist Writer cannot regroup multidimensional array "wires" into its bus
Info (12128): Elaborating entity "S_layer" for hierarchy "runRound:first[0].second[1].brk|S_layer:sl" File: D:/documents/PIPO_system_verilog/PIPO_blockcipher_verilog/runRound.sv Line: 10
Info (12128): Elaborating entity "R_layer" for hierarchy "runRound:first[0].second[1].brk|R_layer:rl" File: D:/documents/PIPO_system_verilog/PIPO_blockcipher_verilog/runRound.sv Line: 11
Warning (12241): 13 hierarchies have connectivity warnings - see the Connectivity Checks report folder
Info (286030): Timing-Driven Synthesis is running
Info (16010): Generating hard_block partition "hard_block:auto_generated_inst"
    Info (16011): Adding 0 node(s), including 0 DDIO, 0 PLL, 0 transceiver and 0 LCELL
Warning (21074): Design contains 56 input pin(s) that do not drive logic
    Warning (15610): No output dependent on input pin "counter[7][0]" File: D:/documents/PIPO_system_verilog/PIPO_blockcipher_verilog/PIPO_blockcipher_verilog.sv Line: 3
    Warning (15610): No output dependent on input pin "counter[7][1]" File: D:/documents/PIPO_system_verilog/PIPO_blockcipher_verilog/PIPO_blockcipher_verilog.sv Line: 3
    Warning (15610): No output dependent on input pin "counter[7][2]" File: D:/documents/PIPO_system_verilog/PIPO_blockcipher_verilog/PIPO_blockcipher_verilog.sv Line: 3
    Warning (15610): No output dependent on input pin "counter[7][3]" File: D:/documents/PIPO_system_verilog/PIPO_blockcipher_verilog/PIPO_blockcipher_verilog.sv Line: 3
    Warning (15610): No output dependent on input pin "counter[7][4]" File: D:/documents/PIPO_system_verilog/PIPO_blockcipher_verilog/PIPO_blockcipher_verilog.sv Line: 3
    Warning (15610): No output dependent on input pin "counter[7][5]" File: D:/documents/PIPO_system_verilog/PIPO_blockcipher_verilog/PIPO_blockcipher_verilog.sv Line: 3
    Warning (15610): No output dependent on input pin "counter[7][6]" File: D:/documents/PIPO_system_verilog/PIPO_blockcipher_verilog/PIPO_blockcipher_verilog.sv Line: 3
    Warning (15610): No output dependent on input pin "counter[7][7]" File: D:/documents/PIPO_system_verilog/PIPO_blockcipher_verilog/PIPO_blockcipher_verilog.sv Line: 3
    Warning (15610): No output dependent on input pin "counter[6][0]" File: D:/documents/PIPO_system_verilog/PIPO_blockcipher_verilog/PIPO_blockcipher_verilog.sv Line: 3
    Warning (15610): No output dependent on input pin "counter[6][1]" File: D:/documents/PIPO_system_verilog/PIPO_blockcipher_verilog/PIPO_blockcipher_verilog.sv Line: 3
    Warning (15610): No output dependent on input pin "counter[6][2]" File: D:/documents/PIPO_system_verilog/PIPO_blockcipher_verilog/PIPO_blockcipher_verilog.sv Line: 3
    Warning (15610): No output dependent on input pin "counter[6][3]" File: D:/documents/PIPO_system_verilog/PIPO_blockcipher_verilog/PIPO_blockcipher_verilog.sv Line: 3
    Warning (15610): No output dependent on input pin "counter[6][4]" File: D:/documents/PIPO_system_verilog/PIPO_blockcipher_verilog/PIPO_blockcipher_verilog.sv Line: 3
    Warning (15610): No output dependent on input pin "counter[6][5]" File: D:/documents/PIPO_system_verilog/PIPO_blockcipher_verilog/PIPO_blockcipher_verilog.sv Line: 3
    Warning (15610): No output dependent on input pin "counter[6][6]" File: D:/documents/PIPO_system_verilog/PIPO_blockcipher_verilog/PIPO_blockcipher_verilog.sv Line: 3
    Warning (15610): No output dependent on input pin "counter[6][7]" File: D:/documents/PIPO_system_verilog/PIPO_blockcipher_verilog/PIPO_blockcipher_verilog.sv Line: 3
    Warning (15610): No output dependent on input pin "counter[5][0]" File: D:/documents/PIPO_system_verilog/PIPO_blockcipher_verilog/PIPO_blockcipher_verilog.sv Line: 3
    Warning (15610): No output dependent on input pin "counter[5][1]" File: D:/documents/PIPO_system_verilog/PIPO_blockcipher_verilog/PIPO_blockcipher_verilog.sv Line: 3
    Warning (15610): No output dependent on input pin "counter[5][2]" File: D:/documents/PIPO_system_verilog/PIPO_blockcipher_verilog/PIPO_blockcipher_verilog.sv Line: 3
    Warning (15610): No output dependent on input pin "counter[5][3]" File: D:/documents/PIPO_system_verilog/PIPO_blockcipher_verilog/PIPO_blockcipher_verilog.sv Line: 3
    Warning (15610): No output dependent on input pin "counter[5][4]" File: D:/documents/PIPO_system_verilog/PIPO_blockcipher_verilog/PIPO_blockcipher_verilog.sv Line: 3
    Warning (15610): No output dependent on input pin "counter[5][5]" File: D:/documents/PIPO_system_verilog/PIPO_blockcipher_verilog/PIPO_blockcipher_verilog.sv Line: 3
    Warning (15610): No output dependent on input pin "counter[5][6]" File: D:/documents/PIPO_system_verilog/PIPO_blockcipher_verilog/PIPO_blockcipher_verilog.sv Line: 3
    Warning (15610): No output dependent on input pin "counter[5][7]" File: D:/documents/PIPO_system_verilog/PIPO_blockcipher_verilog/PIPO_blockcipher_verilog.sv Line: 3
    Warning (15610): No output dependent on input pin "counter[4][0]" File: D:/documents/PIPO_system_verilog/PIPO_blockcipher_verilog/PIPO_blockcipher_verilog.sv Line: 3
    Warning (15610): No output dependent on input pin "counter[4][1]" File: D:/documents/PIPO_system_verilog/PIPO_blockcipher_verilog/PIPO_blockcipher_verilog.sv Line: 3
    Warning (15610): No output dependent on input pin "counter[4][2]" File: D:/documents/PIPO_system_verilog/PIPO_blockcipher_verilog/PIPO_blockcipher_verilog.sv Line: 3
    Warning (15610): No output dependent on input pin "counter[4][3]" File: D:/documents/PIPO_system_verilog/PIPO_blockcipher_verilog/PIPO_blockcipher_verilog.sv Line: 3
    Warning (15610): No output dependent on input pin "counter[4][4]" File: D:/documents/PIPO_system_verilog/PIPO_blockcipher_verilog/PIPO_blockcipher_verilog.sv Line: 3
    Warning (15610): No output dependent on input pin "counter[4][5]" File: D:/documents/PIPO_system_verilog/PIPO_blockcipher_verilog/PIPO_blockcipher_verilog.sv Line: 3
    Warning (15610): No output dependent on input pin "counter[4][6]" File: D:/documents/PIPO_system_verilog/PIPO_blockcipher_verilog/PIPO_blockcipher_verilog.sv Line: 3
    Warning (15610): No output dependent on input pin "counter[4][7]" File: D:/documents/PIPO_system_verilog/PIPO_blockcipher_verilog/PIPO_blockcipher_verilog.sv Line: 3
    Warning (15610): No output dependent on input pin "counter[3][0]" File: D:/documents/PIPO_system_verilog/PIPO_blockcipher_verilog/PIPO_blockcipher_verilog.sv Line: 3
    Warning (15610): No output dependent on input pin "counter[3][1]" File: D:/documents/PIPO_system_verilog/PIPO_blockcipher_verilog/PIPO_blockcipher_verilog.sv Line: 3
    Warning (15610): No output dependent on input pin "counter[3][2]" File: D:/documents/PIPO_system_verilog/PIPO_blockcipher_verilog/PIPO_blockcipher_verilog.sv Line: 3
    Warning (15610): No output dependent on input pin "counter[3][3]" File: D:/documents/PIPO_system_verilog/PIPO_blockcipher_verilog/PIPO_blockcipher_verilog.sv Line: 3
    Warning (15610): No output dependent on input pin "counter[3][4]" File: D:/documents/PIPO_system_verilog/PIPO_blockcipher_verilog/PIPO_blockcipher_verilog.sv Line: 3
    Warning (15610): No output dependent on input pin "counter[3][5]" File: D:/documents/PIPO_system_verilog/PIPO_blockcipher_verilog/PIPO_blockcipher_verilog.sv Line: 3
    Warning (15610): No output dependent on input pin "counter[3][6]" File: D:/documents/PIPO_system_verilog/PIPO_blockcipher_verilog/PIPO_blockcipher_verilog.sv Line: 3
    Warning (15610): No output dependent on input pin "counter[3][7]" File: D:/documents/PIPO_system_verilog/PIPO_blockcipher_verilog/PIPO_blockcipher_verilog.sv Line: 3
    Warning (15610): No output dependent on input pin "counter[2][0]" File: D:/documents/PIPO_system_verilog/PIPO_blockcipher_verilog/PIPO_blockcipher_verilog.sv Line: 3
    Warning (15610): No output dependent on input pin "counter[2][1]" File: D:/documents/PIPO_system_verilog/PIPO_blockcipher_verilog/PIPO_blockcipher_verilog.sv Line: 3
    Warning (15610): No output dependent on input pin "counter[2][2]" File: D:/documents/PIPO_system_verilog/PIPO_blockcipher_verilog/PIPO_blockcipher_verilog.sv Line: 3
    Warning (15610): No output dependent on input pin "counter[2][3]" File: D:/documents/PIPO_system_verilog/PIPO_blockcipher_verilog/PIPO_blockcipher_verilog.sv Line: 3
    Warning (15610): No output dependent on input pin "counter[2][4]" File: D:/documents/PIPO_system_verilog/PIPO_blockcipher_verilog/PIPO_blockcipher_verilog.sv Line: 3
    Warning (15610): No output dependent on input pin "counter[2][5]" File: D:/documents/PIPO_system_verilog/PIPO_blockcipher_verilog/PIPO_blockcipher_verilog.sv Line: 3
    Warning (15610): No output dependent on input pin "counter[2][6]" File: D:/documents/PIPO_system_verilog/PIPO_blockcipher_verilog/PIPO_blockcipher_verilog.sv Line: 3
    Warning (15610): No output dependent on input pin "counter[2][7]" File: D:/documents/PIPO_system_verilog/PIPO_blockcipher_verilog/PIPO_blockcipher_verilog.sv Line: 3
    Warning (15610): No output dependent on input pin "counter[1][0]" File: D:/documents/PIPO_system_verilog/PIPO_blockcipher_verilog/PIPO_blockcipher_verilog.sv Line: 3
    Warning (15610): No output dependent on input pin "counter[1][1]" File: D:/documents/PIPO_system_verilog/PIPO_blockcipher_verilog/PIPO_blockcipher_verilog.sv Line: 3
    Warning (15610): No output dependent on input pin "counter[1][2]" File: D:/documents/PIPO_system_verilog/PIPO_blockcipher_verilog/PIPO_blockcipher_verilog.sv Line: 3
    Warning (15610): No output dependent on input pin "counter[1][3]" File: D:/documents/PIPO_system_verilog/PIPO_blockcipher_verilog/PIPO_blockcipher_verilog.sv Line: 3
    Warning (15610): No output dependent on input pin "counter[1][4]" File: D:/documents/PIPO_system_verilog/PIPO_blockcipher_verilog/PIPO_blockcipher_verilog.sv Line: 3
    Warning (15610): No output dependent on input pin "counter[1][5]" File: D:/documents/PIPO_system_verilog/PIPO_blockcipher_verilog/PIPO_blockcipher_verilog.sv Line: 3
    Warning (15610): No output dependent on input pin "counter[1][6]" File: D:/documents/PIPO_system_verilog/PIPO_blockcipher_verilog/PIPO_blockcipher_verilog.sv Line: 3
    Warning (15610): No output dependent on input pin "counter[1][7]" File: D:/documents/PIPO_system_verilog/PIPO_blockcipher_verilog/PIPO_blockcipher_verilog.sv Line: 3
Info (21057): Implemented 2778 device resources after synthesis - the final resource count might be different
    Info (21058): Implemented 258 input pins
    Info (21059): Implemented 64 output pins
    Info (21061): Implemented 2456 logic cells
Info: Quartus Prime Analysis & Synthesis was successful. 0 errors, 60 warnings
    Info: Peak virtual memory: 5037 megabytes
    Info: Processing ended: Sat Jan 08 22:04:20 2022
    Info: Elapsed time: 00:00:14
    Info: Total CPU time (on all processors): 00:00:24


